Connecting to database specified by database.yml


Started GET "/assets/rails.png" for 127.0.0.1 at 2013-05-09 00:53:35 +0800
Served asset /rails.png - 200 OK (51ms)


Started GET "/rails/info/properties" for 127.0.0.1 at 2013-05-09 00:53:44 +0800
Processing by Rails::InfoController#properties as */*
  Rendered inline template (3.3ms)
Completed 200 OK in 33ms (Views: 32.2ms | ActiveRecord: 0.0ms)
Connecting to database specified by database.yml
Connecting to database specified by database.yml
Connecting to database specified by database.yml
Connecting to database specified by database.yml


Started GET "/assets/rails.png" for 127.0.0.1 at 2013-05-09 01:41:50 +0800
Served asset /rails.png - 200 OK (20ms)


Started GET "/" for 127.0.0.1 at 2013-05-09 01:42:12 +0800
Processing by WelcomeController#index as HTML
  Rendered welcome/index.html.erb within layouts/application (8.8ms)
Compiled welcome.css  (33ms)  (pid 44755)
Compiled application.css  (37ms)  (pid 44755)
Compiled jquery.js  (5ms)  (pid 44755)
Compiled jquery_ujs.js  (0ms)  (pid 44755)
Compiled welcome.js  (229ms)  (pid 44755)
Compiled application.js  (324ms)  (pid 44755)
Completed 200 OK in 423ms (Views: 422.0ms | ActiveRecord: 0.0ms)


Started GET "/assets/application.css?body=1" for 127.0.0.1 at 2013-05-09 01:42:13 +0800
Served asset /application.css - 200 OK (5ms)


Started GET "/assets/jquery.js?body=1" for 127.0.0.1 at 2013-05-09 01:42:13 +0800
Served asset /jquery.js - 200 OK (2ms)


Started GET "/assets/jquery_ujs.js?body=1" for 127.0.0.1 at 2013-05-09 01:42:13 +0800
Served asset /jquery_ujs.js - 200 OK (5ms)


Started GET "/assets/application.js?body=1" for 127.0.0.1 at 2013-05-09 01:42:13 +0800
Served asset /application.js - 200 OK (5ms)


Started GET "/assets/welcome.css?body=1" for 127.0.0.1 at 2013-05-09 01:42:13 +0800
Served asset /welcome.css - 200 OK (1ms)


Started GET "/assets/welcome.js?body=1" for 127.0.0.1 at 2013-05-09 01:42:13 +0800
Served asset /welcome.js - 200 OK (1ms)
Connecting to database specified by database.yml
Connecting to database specified by database.yml


Started GET "/bye" for 127.0.0.1 at 2013-05-09 01:46:49 +0800

ActionController::RoutingError (No route matches [GET] "/bye"):
  actionpack (3.2.13) lib/action_dispatch/middleware/debug_exceptions.rb:21:in `call'
  actionpack (3.2.13) lib/action_dispatch/middleware/show_exceptions.rb:56:in `call'
  railties (3.2.13) lib/rails/rack/logger.rb:32:in `call_app'
  railties (3.2.13) lib/rails/rack/logger.rb:16:in `block in call'
  activesupport (3.2.13) lib/active_support/tagged_logging.rb:22:in `tagged'
  railties (3.2.13) lib/rails/rack/logger.rb:16:in `call'
  actionpack (3.2.13) lib/action_dispatch/middleware/request_id.rb:22:in `call'
  rack (1.4.5) lib/rack/methodoverride.rb:21:in `call'
  rack (1.4.5) lib/rack/runtime.rb:17:in `call'
  activesupport (3.2.13) lib/active_support/cache/strategy/local_cache.rb:72:in `call'
  rack (1.4.5) lib/rack/lock.rb:15:in `call'
  actionpack (3.2.13) lib/action_dispatch/middleware/static.rb:63:in `call'
  railties (3.2.13) lib/rails/engine.rb:479:in `call'
  railties (3.2.13) lib/rails/application.rb:223:in `call'
  rack (1.4.5) lib/rack/content_length.rb:14:in `call'
  railties (3.2.13) lib/rails/rack/log_tailer.rb:17:in `call'
  rack (1.4.5) lib/rack/handler/webrick.rb:59:in `service'
  /usr/local/Cellar/ruby/2.0.0-p0/lib/ruby/2.0.0/webrick/httpserver.rb:138:in `service'
  /usr/local/Cellar/ruby/2.0.0-p0/lib/ruby/2.0.0/webrick/httpserver.rb:94:in `run'
  /usr/local/Cellar/ruby/2.0.0-p0/lib/ruby/2.0.0/webrick/server.rb:295:in `block in start_thread'


  Rendered /usr/local/Cellar/ruby/2.0.0-p0/lib/ruby/gems/2.0.0/gems/actionpack-3.2.13/lib/action_dispatch/middleware/templates/rescues/routing_error.erb within rescues/layout (1.0ms)


Started GET "/welcome/bye" for 127.0.0.1 at 2013-05-09 01:46:59 +0800
Processing by WelcomeController#bye as HTML
  Rendered welcome/bye.html.erb within layouts/application (0.4ms)
Compiled posts.css  (1ms)  (pid 44755)
Compiled scaffolds.css  (13ms)  (pid 44755)
Compiled application.css  (23ms)  (pid 44755)
Compiled posts.js  (155ms)  (pid 44755)
Compiled application.js  (167ms)  (pid 44755)
Completed 200 OK in 350ms (Views: 349.8ms | ActiveRecord: 0.0ms)


Started GET "/assets/scaffolds.css?body=1" for 127.0.0.1 at 2013-05-09 01:47:00 +0800
Served asset /scaffolds.css - 200 OK (2ms)


Started GET "/assets/posts.js?body=1" for 127.0.0.1 at 2013-05-09 01:47:00 +0800
Served asset /posts.js - 200 OK (5ms)


Started GET "/assets/welcome.css?body=1" for 127.0.0.1 at 2013-05-09 01:47:00 +0800
Served asset /welcome.css - 304 Not Modified (0ms)


Started GET "/assets/posts.css?body=1" for 127.0.0.1 at 2013-05-09 01:47:00 +0800
Served asset /posts.css - 200 OK (1ms)


Started GET "/assets/welcome.js?body=1" for 127.0.0.1 at 2013-05-09 01:47:00 +0800
Served asset /welcome.js - 304 Not Modified (0ms)


Started GET "/welcome/bye" for 127.0.0.1 at 2013-05-09 08:45:45 +0800
Processing by WelcomeController#bye as HTML
  Rendered welcome/bye.html.erb within layouts/application (0.1ms)
Completed 200 OK in 19ms (Views: 18.9ms | ActiveRecord: 0.0ms)


Started GET "/assets/scaffolds.css?body=1" for 127.0.0.1 at 2013-05-09 08:45:45 +0800
Served asset /scaffolds.css - 304 Not Modified (0ms)


Started GET "/assets/posts.css?body=1" for 127.0.0.1 at 2013-05-09 08:45:45 +0800
Served asset /posts.css - 304 Not Modified (0ms)


Started GET "/assets/jquery.js?body=1" for 127.0.0.1 at 2013-05-09 08:45:45 +0800
Served asset /jquery.js - 304 Not Modified (0ms)


Started GET "/assets/welcome.css?body=1" for 127.0.0.1 at 2013-05-09 08:45:45 +0800
Served asset /welcome.css - 304 Not Modified (0ms)


Started GET "/assets/posts.js?body=1" for 127.0.0.1 at 2013-05-09 08:45:45 +0800
Served asset /posts.js - 304 Not Modified (0ms)


Started GET "/assets/application.js?body=1" for 127.0.0.1 at 2013-05-09 08:45:45 +0800
Served asset /application.js - 304 Not Modified (6ms)


Started GET "/assets/jquery_ujs.js?body=1" for 127.0.0.1 at 2013-05-09 08:45:45 +0800
Served asset /jquery_ujs.js - 304 Not Modified (0ms)


Started GET "/assets/application.css?body=1" for 127.0.0.1 at 2013-05-09 08:45:45 +0800
Served asset /application.css - 304 Not Modified (4ms)


Started GET "/assets/welcome.js?body=1" for 127.0.0.1 at 2013-05-09 08:45:45 +0800
Served asset /welcome.js - 304 Not Modified (0ms)


Started GET "/welcome/bye" for 127.0.0.1 at 2013-05-09 08:47:01 +0800
Processing by WelcomeController#bye as HTML
  Rendered welcome/bye.html.erb within layouts/application (0.0ms)
Completed 200 OK in 22ms (Views: 21.7ms | ActiveRecord: 0.0ms)


Started GET "/assets/scaffolds.css?body=1" for 127.0.0.1 at 2013-05-09 08:47:01 +0800
Served asset /scaffolds.css - 304 Not Modified (0ms)


Started GET "/assets/welcome.css?body=1" for 127.0.0.1 at 2013-05-09 08:47:01 +0800
Served asset /welcome.css - 304 Not Modified (0ms)


Started GET "/assets/jquery.js?body=1" for 127.0.0.1 at 2013-05-09 08:47:01 +0800
Served asset /jquery.js - 304 Not Modified (0ms)


Started GET "/assets/jquery_ujs.js?body=1" for 127.0.0.1 at 2013-05-09 08:47:01 +0800
Served asset /jquery_ujs.js - 304 Not Modified (0ms)


Started GET "/assets/posts.css?body=1" for 127.0.0.1 at 2013-05-09 08:47:01 +0800
Served asset /posts.css - 304 Not Modified (0ms)


Started GET "/assets/application.css?body=1" for 127.0.0.1 at 2013-05-09 08:47:01 +0800
Served asset /application.css - 304 Not Modified (0ms)


Started GET "/assets/posts.js?body=1" for 127.0.0.1 at 2013-05-09 08:47:01 +0800
Served asset /posts.js - 304 Not Modified (0ms)


Started GET "/assets/welcome.js?body=1" for 127.0.0.1 at 2013-05-09 08:47:01 +0800
Served asset /welcome.js - 304 Not Modified (0ms)


Started GET "/assets/application.js?body=1" for 127.0.0.1 at 2013-05-09 08:47:01 +0800
Served asset /application.js - 304 Not Modified (0ms)
